<?xml version="1.0" encoding="UTF-8"?>
<!-- Generated by org.testng.reporters.JUnitReportReporter -->
<testsuite skipped="0" hostname="DESKTOP-3GNVT0U" name="com.qa.testcases.AncillaryChargeCreation" tests="5" failures="0" timestamp="19 Feb 2021 17:08:53 GMT" time="1378.618" errors="0">
  <testcase name="deleting" time="317.373" classname="com.qa.testcases.AncillaryChargeCreation"/>
  <testcase name="customerPayment" time="310.480" classname="com.qa.testcases.AncillaryChargeCreation"/>
  <testcase name="multiplePaymentsCharges" time="363.293" classname="com.qa.testcases.AncillaryChargeCreation"/>
  <testcase name="writeOffTotal_editing" time="330.613" classname="com.qa.testcases.AncillaryChargeCreation"/>
  <testcase name="chargeCreation" time="56.859" classname="com.qa.testcases.AncillaryChargeCreation"/>
</testsuite> <!-- com.qa.testcases.AncillaryChargeCreation -->
